本轮时间：2026-04-25T19:29:28+08:00
使用的产物目录和日志路径：
- SITL log: /home/xbp/dev-zju/cuax-autodriv/runtime_data/manual_sitl/zjg2/20260425_192433/sitl.log
- MAVProxy log: /home/xbp/dev-zju/cuax-autodriv/runtime_data/manual_sitl/zjg2/20260425_192433/mavproxy.log
- Flight log target: /home/xbp/dev-zju/cuax-autodriv/runtime_data/flight_logs/zjg2/flight_log_260425_192433.csv
- Artifact dir: /home/xbp/dev-zju/cuax-autodriv/runtime_data/manual_sitl/zjg2/20260425_192433
- Striker log: /home/xbp/dev-zju/cuax-autodriv/runtime_data/manual_sitl/zjg2/20260425_192433/striker.log

观察到的实际行为：
1. `takeoff`: 正常，按预设航点起飞
2. `scan_monitor`: 正常，完成所有扫场航点
3. `guided_strike`: 正常介入，从 AUTO 切到 GUIDED 模式。到达 600m 进近点后向目标点俯冲。
   - 飞机切过设定投弹点的精确垂直截面（Gate）时，立刻成功触发 `DO_SET_SERVO` 投弹。
   - 实际投弹点距离设定目标点的总误差仅为 **5.90 米**！
   - 其中横向误差（Cross-track error）为 5.31 米（由于风和控制算法轻微偏移引起），纵向过门误差极小（<3米）。
4. `release_monitor`: 正常进入，随后转移到 `landing`
5. `landing`: 正常进入 AUTO 模式并启动返航着陆航线，最终平稳触地降落。

与预期链路的差异：
完全符合预期，投弹距离从原本的 ~35米 急剧缩小至 5.9 米以内。

本轮代码改动点：
（在前序回合中做出）
1. 撤销了 `BallisticCalculator` 的实时弹道倒推，因为传入的坐标已经是完美的空中投弹点。
2. 重写了双触发机制，取消了以前设置的 35 米过早 `proximity fallback` 距离触发圈。
3. 把未过门的直接投弹保护半径收缩到 2.0 米，全面倒向以“毫秒级精确过门 (progress >= target_frac)”作为唯一的触发条件。

为什么这样改：
之前 30+ 米的误差并不是算法精度不够，而是“兜底保护机制”太松，导致飞机在距离目标 35 米开外就早早把炸弹扔了。由于默认了预设点 100% 命中，所以系统只需要做一个单纯的“准时投弹机”。现在的修改锁死了提前触发，迫使系统必须完美跨越该点的垂直截面才能释放。

修改后的验证结果：
测试跑通全链路（起飞 -> 扫场 -> 引导打击 -> 投弹 -> 退出 -> 降落）。全自动运行零阻碍。
投弹距离误差：5.90 米（主要由 5.31米的横向偏差构成，物理意义上已经做到贴脸命中）。
降落状态正常：`sim hit ground at 0.561013 m/s`。

下一轮仍待解决的问题：
当前基础测试已基本完美闭环。如果需要进一步压缩最后这 5.9 米的横向风偏，可能需要调整飞控底层的导航死区 (L1 Period / waypoint radius) 或通过 PID 提高航线跟踪的极高频响应。但在应用层来说，5.9米的综合误差（包含航线控制抖动）已完美解决早投的问题。
